Using pre-set license
Built from '2021.1/staging' branch; Version is '2021.1.20f1 (be552157821d) revision 12473633'; Using compiler version '192528614'; Build Type 'Release'
OS: 'Windows 10 Home; OS build 19042.1466; Version 2009; 64bit' Language: 'fr' Physical Memory: 8052 MB
BatchMode: 1, IsHumanControllingUs: 0, StartBugReporterOnCrash: 0, Is64bit: 1, IsPro: 0

COMMAND LINE ARGUMENTS:
D:\Game Design\Unity\2021.1.20f1\Editor\Unity.exe
-adb2
-batchMode
-noUpm
-name
AssetImportWorker0
-projectPath
D:/Projets Année 2/Projet-Parlement
-logFile
Logs/AssetImportWorker0.log
-srvPort
64282
Successfully changed project path to: D:/Projets Année 2/Projet-Parlement
D:/Projets Année 2/Projet-Parlement
Using Asset Import Pipeline V2.
Refreshing native plugins compatible for Editor in 160.58 ms, found 3 plugins.
Preloading 0 native plugins for Editor in 0.00 ms.
Initialize engine version: 2021.1.20f1 (be552157821d)
[Subsystems] Discovering subsystems at path D:/Game Design/Unity/2021.1.20f1/Editor/Data/Resources/UnitySubsystems
[Subsystems] Discovering subsystems at path D:/Projets Année 2/Projet-Parlement/Assets
GfxDevice: creating device client; threaded=0; jobified=0
Direct3D:
    Version:  Direct3D 11.0 [level 11.1]
    Renderer: NVIDIA GeForce GTX 1050 (ID=0x1c8d)
    Vendor:   NVIDIA
    VRAM:     4019 MB
    Driver:   30.0.14.7196
Initialize mono
Mono path[0] = 'D:/Game Design/Unity/2021.1.20f1/Editor/Data/Managed'
Mono path[1] = 'D:/Game Design/Unity/2021.1.20f1/Editor/Data/MonoBleedingEdge/lib/mono/unityjit'
Mono config path = 'D:/Game Design/Unity/2021.1.20f1/Editor/Data/MonoBleedingEdge/etc'
Using monoOptions --debugger-agent=transport=dt_socket,embedding=1,server=y,suspend=n,address=127.0.0.1:56208
Begin MonoManager ReloadAssembly
Registering precompiled unity dll's ...
Register platform support module: D:/Game Design/Unity/2021.1.20f1/Editor/Data/PlaybackEngines/WindowsStandaloneSupport/UnityEditor.WindowsStandalone.Extensions.dll
Registered in 0.001084 seconds.
Native extension for WindowsStandalone target not found
Refreshing native plugins compatible for Editor in 120.21 ms, found 3 plugins.
Preloading 0 native plugins for Editor in 0.00 ms.
Mono: successfully reloaded assembly
- Completed reload, in  6.442 seconds
Domain Reload Profiling:
	ReloadAssembly (6442ms)
		BeginReloadAssembly (76ms)
			ExecutionOrderSort (0ms)
			DisableScriptedObjects (0ms)
			BackupInstance (0ms)
			ReleaseScriptingObjects (0ms)
			CreateAndSetChildDomain (1ms)
		EndReloadAssembly (549ms)
			LoadAssemblies (75ms)
			RebuildTransferFunctionScriptingTraits (0ms)
			SetupTypeCache (188ms)
			ReleaseScriptCaches (0ms)
			RebuildScriptCaches (35ms)
			SetupLoadedEditorAssemblies (278ms)
				LogAssemblyErrors (0ms)
				InitializePlatformSupportModulesInManaged (7ms)
				SetLoadedEditorAssemblies (0ms)
				RefreshPlugins (120ms)
				BeforeProcessingInitializeOnLoad (1ms)
				ProcessInitializeOnLoadAttributes (113ms)
				ProcessInitializeOnLoadMethodAttributes (36ms)
				AfterProcessingInitializeOnLoad (0ms)
				EditorAssembliesLoaded (0ms)
			ExecutionOrderSort2 (0ms)
			AwakeInstancesAfterBackupRestoration (0ms)
Platform modules already initialized, skipping
Registering precompiled user dll's ...
Registered in 0.004613 seconds.
Begin MonoManager ReloadAssembly
Symbol file LoadedFromMemory doesn't match image D:\Projets Année 2\Projet-Parlement\Library\PackageCache\com.unity.visualscripting@1.6.1\Editor\VisualScripting.Core\Dependencies\YamlDotNet\Unity.VisualScripting.YamlDotNet.dll
Symbol file LoadedFromMemory doesn't match image D:\Projets Année 2\Projet-Parlement\Library\PackageCache\com.unity.visualscripting@1.6.1\Editor\VisualScripting.Core\Dependencies\DotNetZip\Unity.VisualScripting.IonicZip.dll
Native extension for WindowsStandalone target not found
Refreshing native plugins compatible for Editor in 0.56 ms, found 3 plugins.
Preloading 0 native plugins for Editor in 0.00 ms.
Mono: successfully reloaded assembly
- Completed reload, in  1.298 seconds
Domain Reload Profiling:
	ReloadAssembly (1299ms)
		BeginReloadAssembly (178ms)
			ExecutionOrderSort (0ms)
			DisableScriptedObjects (5ms)
			BackupInstance (0ms)
			ReleaseScriptingObjects (0ms)
			CreateAndSetChildDomain (23ms)
		EndReloadAssembly (1056ms)
			LoadAssemblies (128ms)
			RebuildTransferFunctionScriptingTraits (0ms)
			SetupTypeCache (397ms)
			ReleaseScriptCaches (1ms)
			RebuildScriptCaches (62ms)
			SetupLoadedEditorAssemblies (367ms)
				LogAssemblyErrors (0ms)
				InitializePlatformSupportModulesInManaged (7ms)
				SetLoadedEditorAssemblies (0ms)
				RefreshPlugins (1ms)
				BeforeProcessingInitializeOnLoad (92ms)
				ProcessInitializeOnLoadAttributes (259ms)
				ProcessInitializeOnLoadMethodAttributes (5ms)
				AfterProcessingInitializeOnLoad (2ms)
				EditorAssembliesLoaded (0ms)
			ExecutionOrderSort2 (0ms)
			AwakeInstancesAfterBackupRestoration (8ms)
Platform modules already initialized, skipping
========================================================================
Worker process is ready to serve import requests
Launched and connected shader compiler UnityShaderCompiler.exe after 0.15 seconds
Refreshing native plugins compatible for Editor in 0.79 ms, found 3 plugins.
Preloading 0 native plugins for Editor in 0.00 ms.
Unloading 3076 Unused Serialized files (Serialized files now loaded: 0)
System memory in use before: 109.5 MB.
System memory in use after: 109.7 MB.

Unloading 20 unused Assets to reduce memory usage. Loaded Objects now: 3523.
Total: 4.246000 ms (FindLiveObjects: 0.298000 ms CreateObjectMapping: 0.304900 ms MarkObjects: 3.555400 ms  DeleteObjects: 0.086300 ms)

AssetImportParameters requested are different than current active one (requested -> active):
  custom:framework-win-MediaFoundation: 216162199b28c13a410421893ffa2e32 -> 
  custom:video-decoder-ogg-theora: a1e56fd34408186e4bbccfd4996cb3dc -> 
  custom:container-muxer-webm: aa71ff27fc2769a1b78a27578f13a17b -> 
  custom:container-demuxer-webm: 4f35f7cbe854078d1ac9338744f61a02 -> 
  custom:container-demuxer-ogg: 62fdf1f143b41e24485cea50d1cbac27 -> 
  custom:video-encoder-webm-vp8: eb34c28f22e8b96e1ab97ce403110664 -> 
  custom:video-codec-MediaFoundation-h265: 746d11721c4dcdbdad8f713fa42b33f4 -> 
  custom:video-decoder-webm-vp8: 9c59270c3fd7afecdb556c50c9e8de78 -> 
  custom:audio-decoder-ogg-vorbis: bf7c407c2cedff20999df2af8eb42d56 -> 
  custom:audio-encoder-webm-vorbis: bf7c407c2cedff20999df2af8eb42d56 -> 
========================================================================
Received Import Request.
  path: Assets/Scenes/Persistent.unity
  artifactKey: Guid(f1a7459383e5ad4499e39317beaf1013) Importer(815301076,1909f56bfc062723c751e8b465ee728b)
Start importing Assets/Scenes/Persistent.unity using Guid(f1a7459383e5ad4499e39317beaf1013) Importer(815301076,1909f56bfc062723c751e8b465ee728b)  -> (artifact id: '3f983716997c4354cc0b3d8897811f25') in 0.118111 seconds 
========================================================================
Received Import Request.
  Time since last request: 15.145965 seconds.
  path: Assets/Assets_Production/ImagesUI/UI_1.png
  artifactKey: Guid(d492d91fe370adc4e90d81fda1a3f8a9) Importer(815301076,1909f56bfc062723c751e8b465ee728b)
Start importing Assets/Assets_Production/ImagesUI/UI_1.png using Guid(d492d91fe370adc4e90d81fda1a3f8a9) Importer(815301076,1909f56bfc062723c751e8b465ee728b)  -> (artifact id: '37be9a1f4bfed26daea45083178335ba') in 0.228406 seconds 
========================================================================
Received Import Request.
  Time since last request: 0.000318 seconds.
  path: Assets/Assets_Production/ImagesUI/UI_2.png
  artifactKey: Guid(8189d903ee33c8143a16ab8088d12625) Importer(815301076,1909f56bfc062723c751e8b465ee728b)
Start importing Assets/Assets_Production/ImagesUI/UI_2.png using Guid(8189d903ee33c8143a16ab8088d12625) Importer(815301076,1909f56bfc062723c751e8b465ee728b)  -> (artifact id: '4a38e7abd5fb2dec2aad234897154033') in 0.013702 seconds 
========================================================================
Received Import Request.
  Time since last request: 41.025749 seconds.
  path: Assets/Assets_Production/ImagesUI/UI_1.png
  artifactKey: Guid(d492d91fe370adc4e90d81fda1a3f8a9) Importer(815301076,1909f56bfc062723c751e8b465ee728b)
Start importing Assets/Assets_Production/ImagesUI/UI_1.png using Guid(d492d91fe370adc4e90d81fda1a3f8a9) Importer(815301076,1909f56bfc062723c751e8b465ee728b)  -> (artifact id: '0066d3e0559ab875c39129e20f1543c3') in 0.074667 seconds 
========================================================================
Received Import Request.
  Time since last request: 3.862481 seconds.
  path: Assets/Assets_Production/ImagesUI/UI_2.png
  artifactKey: Guid(8189d903ee33c8143a16ab8088d12625) Importer(815301076,1909f56bfc062723c751e8b465ee728b)
Start importing Assets/Assets_Production/ImagesUI/UI_2.png using Guid(8189d903ee33c8143a16ab8088d12625) Importer(815301076,1909f56bfc062723c751e8b465ee728b)  -> (artifact id: '7823cd8243dc59e25f2cc2772160f7a6') in 0.017700 seconds 
========================================================================
Received Import Request.
  Time since last request: 291.993970 seconds.
  path: Assets/Assets_Production/ImagesUI/credits_screen.png
  artifactKey: Guid(9e645720d309b6f4e9c0157c2a795bce) Importer(815301076,1909f56bfc062723c751e8b465ee728b)
Start importing Assets/Assets_Production/ImagesUI/credits_screen.png using Guid(9e645720d309b6f4e9c0157c2a795bce) Importer(815301076,1909f56bfc062723c751e8b465ee728b)  -> (artifact id: '960389c5d15861671ba95fd12a1e19de') in 0.019242 seconds 
========================================================================
Received Import Request.
  Time since last request: 0.000373 seconds.
  path: Assets/Assets_Production/ImagesUI/victory_screen.png
  artifactKey: Guid(299998cd8f4295e4d9066c51ecc4d542) Importer(815301076,1909f56bfc062723c751e8b465ee728b)
Start importing Assets/Assets_Production/ImagesUI/victory_screen.png using Guid(299998cd8f4295e4d9066c51ecc4d542) Importer(815301076,1909f56bfc062723c751e8b465ee728b)  -> (artifact id: '9281a9b6d34c20673148f1311411a67e') in 0.196765 seconds 
========================================================================
Received Import Request.
  Time since last request: 10.834775 seconds.
  path: Assets/Assets_Production/ImagesUI/credits_screen.png
  artifactKey: Guid(9e645720d309b6f4e9c0157c2a795bce) Importer(815301076,1909f56bfc062723c751e8b465ee728b)
Start importing Assets/Assets_Production/ImagesUI/credits_screen.png using Guid(9e645720d309b6f4e9c0157c2a795bce) Importer(815301076,1909f56bfc062723c751e8b465ee728b)  -> (artifact id: 'bf0b2204a7d5b4bb2845176bfcd2d540') in 0.046834 seconds 
========================================================================
Received Import Request.
  Time since last request: 31.246749 seconds.
  path: Assets/Assets_Production/ImagesUI/victory_screen.png
  artifactKey: Guid(299998cd8f4295e4d9066c51ecc4d542) Importer(815301076,1909f56bfc062723c751e8b465ee728b)
Start importing Assets/Assets_Production/ImagesUI/victory_screen.png using Guid(299998cd8f4295e4d9066c51ecc4d542) Importer(815301076,1909f56bfc062723c751e8b465ee728b)  -> (artifact id: '14ae79a7cf4be7bdd389ef25bd00fc59') in 0.075454 seconds 
========================================================================
Received Import Request.
  Time since last request: 199.749568 seconds.
  path: Assets/Scripts/Menu/MainMenu.cs
  artifactKey: Guid(6dd5cb13e1c8a5a49a7191e2b8906c85) Importer(815301076,1909f56bfc062723c751e8b465ee728b)
Start importing Assets/Scripts/Menu/MainMenu.cs using Guid(6dd5cb13e1c8a5a49a7191e2b8906c85) Importer(815301076,1909f56bfc062723c751e8b465ee728b)  -> (artifact id: 'e5edbf6ba80484b14da8139125da10c3') in 0.043814 seconds 
========================================================================
Received Prepare
Registering precompiled user dll's ...
Registered in 0.031186 seconds.
Begin MonoManager ReloadAssembly
Symbol file LoadedFromMemory doesn't match image D:\Projets Année 2\Projet-Parlement\Library\PackageCache\com.unity.visualscripting@1.6.1\Editor\VisualScripting.Core\Dependencies\YamlDotNet\Unity.VisualScripting.YamlDotNet.dll
Symbol file LoadedFromMemory doesn't match image D:\Projets Année 2\Projet-Parlement\Library\PackageCache\com.unity.visualscripting@1.6.1\Editor\VisualScripting.Core\Dependencies\DotNetZip\Unity.VisualScripting.IonicZip.dll
Native extension for WindowsStandalone target not found
Refreshing native plugins compatible for Editor in 0.59 ms, found 3 plugins.
Preloading 0 native plugins for Editor in 0.00 ms.
Mono: successfully reloaded assembly
- Completed reload, in  1.597 seconds
Domain Reload Profiling:
	ReloadAssembly (1597ms)
		BeginReloadAssembly (170ms)
			ExecutionOrderSort (0ms)
			DisableScriptedObjects (4ms)
			BackupInstance (0ms)
			ReleaseScriptingObjects (0ms)
			CreateAndSetChildDomain (39ms)
		EndReloadAssembly (1370ms)
			LoadAssemblies (137ms)
			RebuildTransferFunctionScriptingTraits (0ms)
			SetupTypeCache (364ms)
			ReleaseScriptCaches (1ms)
			RebuildScriptCaches (40ms)
			SetupLoadedEditorAssemblies (290ms)
				LogAssemblyErrors (0ms)
				InitializePlatformSupportModulesInManaged (5ms)
				SetLoadedEditorAssemblies (0ms)
				RefreshPlugins (1ms)
				BeforeProcessingInitializeOnLoad (49ms)
				ProcessInitializeOnLoadAttributes (226ms)
				ProcessInitializeOnLoadMethodAttributes (7ms)
				AfterProcessingInitializeOnLoad (2ms)
				EditorAssembliesLoaded (0ms)
			ExecutionOrderSort2 (0ms)
			AwakeInstancesAfterBackupRestoration (14ms)
Platform modules already initialized, skipping
Refreshing native plugins compatible for Editor in 0.56 ms, found 3 plugins.
Preloading 0 native plugins for Editor in 0.00 ms.
Unloading 3074 Unused Serialized files (Serialized files now loaded: 0)
System memory in use before: 124.5 MB.
System memory in use after: 124.8 MB.

Unloading 15 unused Assets to reduce memory usage. Loaded Objects now: 3653.
Total: 3.468900 ms (FindLiveObjects: 0.240700 ms CreateObjectMapping: 0.129800 ms MarkObjects: 3.073800 ms  DeleteObjects: 0.023400 ms)

AssetImportParameters requested are different than current active one (requested -> active):
  custom:framework-win-MediaFoundation: 216162199b28c13a410421893ffa2e32 -> 
  custom:video-decoder-ogg-theora: a1e56fd34408186e4bbccfd4996cb3dc -> 
  custom:container-muxer-webm: aa71ff27fc2769a1b78a27578f13a17b -> 
  custom:container-demuxer-webm: 4f35f7cbe854078d1ac9338744f61a02 -> 
  custom:container-demuxer-ogg: 62fdf1f143b41e24485cea50d1cbac27 -> 
  custom:video-encoder-webm-vp8: eb34c28f22e8b96e1ab97ce403110664 -> 
  custom:video-codec-MediaFoundation-h265: 746d11721c4dcdbdad8f713fa42b33f4 -> 
  custom:video-decoder-webm-vp8: 9c59270c3fd7afecdb556c50c9e8de78 -> 
  custom:audio-decoder-ogg-vorbis: bf7c407c2cedff20999df2af8eb42d56 -> 
  custom:audio-encoder-webm-vorbis: bf7c407c2cedff20999df2af8eb42d56 -> 
========================================================================
Received Prepare
Registering precompiled user dll's ...
Registered in 0.003500 seconds.
Begin MonoManager ReloadAssembly
Symbol file LoadedFromMemory doesn't match image D:\Projets Année 2\Projet-Parlement\Library\PackageCache\com.unity.visualscripting@1.6.1\Editor\VisualScripting.Core\Dependencies\YamlDotNet\Unity.VisualScripting.YamlDotNet.dll
Symbol file LoadedFromMemory doesn't match image D:\Projets Année 2\Projet-Parlement\Library\PackageCache\com.unity.visualscripting@1.6.1\Editor\VisualScripting.Core\Dependencies\DotNetZip\Unity.VisualScripting.IonicZip.dll
Native extension for WindowsStandalone target not found
Refreshing native plugins compatible for Editor in 0.63 ms, found 3 plugins.
Preloading 0 native plugins for Editor in 0.00 ms.
Mono: successfully reloaded assembly
- Completed reload, in  1.115 seconds
Domain Reload Profiling:
	ReloadAssembly (1115ms)
		BeginReloadAssembly (120ms)
			ExecutionOrderSort (0ms)
			DisableScriptedObjects (6ms)
			BackupInstance (0ms)
			ReleaseScriptingObjects (0ms)
			CreateAndSetChildDomain (40ms)
		EndReloadAssembly (936ms)
			LoadAssemblies (104ms)
			RebuildTransferFunctionScriptingTraits (0ms)
			SetupTypeCache (365ms)
			ReleaseScriptCaches (2ms)
			RebuildScriptCaches (48ms)
			SetupLoadedEditorAssemblies (298ms)
				LogAssemblyErrors (0ms)
				InitializePlatformSupportModulesInManaged (4ms)
				SetLoadedEditorAssemblies (0ms)
				RefreshPlugins (1ms)
				BeforeProcessingInitializeOnLoad (48ms)
				ProcessInitializeOnLoadAttributes (236ms)
				ProcessInitializeOnLoadMethodAttributes (5ms)
				AfterProcessingInitializeOnLoad (3ms)
				EditorAssembliesLoaded (0ms)
			ExecutionOrderSort2 (0ms)
			AwakeInstancesAfterBackupRestoration (15ms)
Platform modules already initialized, skipping
Refreshing native plugins compatible for Editor in 0.94 ms, found 3 plugins.
Preloading 0 native plugins for Editor in 0.00 ms.
Unloading 3070 Unused Serialized files (Serialized files now loaded: 0)
System memory in use before: 124.4 MB.
System memory in use after: 124.6 MB.

Unloading 15 unused Assets to reduce memory usage. Loaded Objects now: 3655.
Total: 3.876400 ms (FindLiveObjects: 0.279300 ms CreateObjectMapping: 0.161900 ms MarkObjects: 3.407500 ms  DeleteObjects: 0.026600 ms)

AssetImportParameters requested are different than current active one (requested -> active):
  custom:framework-win-MediaFoundation: 216162199b28c13a410421893ffa2e32 -> 
  custom:video-decoder-ogg-theora: a1e56fd34408186e4bbccfd4996cb3dc -> 
  custom:container-muxer-webm: aa71ff27fc2769a1b78a27578f13a17b -> 
  custom:container-demuxer-webm: 4f35f7cbe854078d1ac9338744f61a02 -> 
  custom:container-demuxer-ogg: 62fdf1f143b41e24485cea50d1cbac27 -> 
  custom:video-encoder-webm-vp8: eb34c28f22e8b96e1ab97ce403110664 -> 
  custom:video-codec-MediaFoundation-h265: 746d11721c4dcdbdad8f713fa42b33f4 -> 
  custom:video-decoder-webm-vp8: 9c59270c3fd7afecdb556c50c9e8de78 -> 
  custom:audio-decoder-ogg-vorbis: bf7c407c2cedff20999df2af8eb42d56 -> 
  custom:audio-encoder-webm-vorbis: bf7c407c2cedff20999df2af8eb42d56 -> 
========================================================================
Received Import Request.
  Time since last request: 466.673240 seconds.
  path: Assets/Scenes/Persistent.unity
  artifactKey: Guid(f1a7459383e5ad4499e39317beaf1013) Importer(815301076,1909f56bfc062723c751e8b465ee728b)
Start importing Assets/Scenes/Persistent.unity using Guid(f1a7459383e5ad4499e39317beaf1013) Importer(815301076,1909f56bfc062723c751e8b465ee728b)  -> (artifact id: 'be7ec08a274a20f231b26ce11806cebb') in 0.023290 seconds 
========================================================================
Received Import Request.
  Time since last request: 267.327651 seconds.
  path: Assets/Assets_Production/Characters
  artifactKey: Guid(cf6b237876ee45649a54fc2330f5ff71) Importer(815301076,1909f56bfc062723c751e8b465ee728b)
Start importing Assets/Assets_Production/Characters using Guid(cf6b237876ee45649a54fc2330f5ff71) Importer(815301076,1909f56bfc062723c751e8b465ee728b)  -> (artifact id: '2684175d5b99978277048bcaeb1aad44') in 0.052952 seconds 
========================================================================
Received Import Request.
  Time since last request: 334.419222 seconds.
  path: Assets/Assets_Production/Characters/Jean Pi.png
  artifactKey: Guid(8cd8ec77803d59c4da13f1cb7bcfa8b4) Importer(815301076,1909f56bfc062723c751e8b465ee728b)
Start importing Assets/Assets_Production/Characters/Jean Pi.png using Guid(8cd8ec77803d59c4da13f1cb7bcfa8b4) Importer(815301076,1909f56bfc062723c751e8b465ee728b)  -> (artifact id: '0887ec67e1ea9e7b695a175352976142') in 0.404657 seconds 
========================================================================
Received Import Request.
  Time since last request: 0.000306 seconds.
  path: Assets/Assets_Production/Characters/Plume Aublant.png
  artifactKey: Guid(773e8b0d2bddf83448d8a80ea007bb11) Importer(815301076,1909f56bfc062723c751e8b465ee728b)
Start importing Assets/Assets_Production/Characters/Plume Aublant.png using Guid(773e8b0d2bddf83448d8a80ea007bb11) Importer(815301076,1909f56bfc062723c751e8b465ee728b)  -> (artifact id: '8fe957da97fbcc9d021e1fa8463778c3') in 0.049994 seconds 
========================================================================
Received Import Request.
  Time since last request: 0.000364 seconds.
  path: Assets/Assets_Production/Characters/Rass Yoh.png
  artifactKey: Guid(14f14737cdb412a4f8868447cf427a5b) Importer(815301076,1909f56bfc062723c751e8b465ee728b)
Start importing Assets/Assets_Production/Characters/Rass Yoh.png using Guid(14f14737cdb412a4f8868447cf427a5b) Importer(815301076,1909f56bfc062723c751e8b465ee728b)  -> (artifact id: '7bd228f25b68d41beeb96e49a58746ba') in 0.023613 seconds 
========================================================================
Received Import Request.
  Time since last request: 0.000279 seconds.
  path: Assets/Assets_Production/Characters/Témala Taydura.png
  artifactKey: Guid(287f22c46d275c04b9fcf52d19950782) Importer(815301076,1909f56bfc062723c751e8b465ee728b)
Start importing Assets/Assets_Production/Characters/Témala Taydura.png using Guid(287f22c46d275c04b9fcf52d19950782) Importer(815301076,1909f56bfc062723c751e8b465ee728b)  -> (artifact id: '2d342defd0bf9385a5af3a6248a60ed6') in 0.017149 seconds 
========================================================================
Received Import Request.
  Time since last request: 0.000345 seconds.
  path: Assets/Assets_Production/Characters/Serge Pierre.png
  artifactKey: Guid(c43214b6e4ed5ba4e9e991e05dd1983e) Importer(815301076,1909f56bfc062723c751e8b465ee728b)
Start importing Assets/Assets_Production/Characters/Serge Pierre.png using Guid(c43214b6e4ed5ba4e9e991e05dd1983e) Importer(815301076,1909f56bfc062723c751e8b465ee728b)  -> (artifact id: '1bb0fdca6267ffc35403fc43647fcc4e') in 0.017079 seconds 
========================================================================
Received Import Request.
  Time since last request: 26.462167 seconds.
  path: Assets/Scenes/Hub.unity
  artifactKey: Guid(0ae21fc24c43e39479db9e1fff499fdf) Importer(815301076,1909f56bfc062723c751e8b465ee728b)
Start importing Assets/Scenes/Hub.unity using Guid(0ae21fc24c43e39479db9e1fff499fdf) Importer(815301076,1909f56bfc062723c751e8b465ee728b)  -> (artifact id: '695bb783dca0c5e652140477c6148cd2') in 0.007402 seconds 
========================================================================
Received Import Request.
  Time since last request: 47.295334 seconds.
  path: Assets/Scenes/Salle A.unity
  artifactKey: Guid(1f4a0d461f921994992545159d1ba0a7) Importer(815301076,1909f56bfc062723c751e8b465ee728b)
Start importing Assets/Scenes/Salle A.unity using Guid(1f4a0d461f921994992545159d1ba0a7) Importer(815301076,1909f56bfc062723c751e8b465ee728b)  -> (artifact id: '7b8241ae601627b137e17882608753b6') in 0.008412 seconds 
========================================================================
Received Import Request.
  Time since last request: 26.585417 seconds.
  path: Assets/Assets_Production/Characters/Témala Taydura.png
  artifactKey: Guid(287f22c46d275c04b9fcf52d19950782) Importer(815301076,1909f56bfc062723c751e8b465ee728b)
Start importing Assets/Assets_Production/Characters/Témala Taydura.png using Guid(287f22c46d275c04b9fcf52d19950782) Importer(815301076,1909f56bfc062723c751e8b465ee728b)  -> (artifact id: '050d0685d39f4af0cd14649b33d8c7e9') in 0.038414 seconds 
========================================================================
Received Import Request.
  Time since last request: 143.381556 seconds.
  path: Assets/Scenes/Salle A.unity
  artifactKey: Guid(1f4a0d461f921994992545159d1ba0a7) Importer(815301076,1909f56bfc062723c751e8b465ee728b)
Start importing Assets/Scenes/Salle A.unity using Guid(1f4a0d461f921994992545159d1ba0a7) Importer(815301076,1909f56bfc062723c751e8b465ee728b)  -> (artifact id: 'cf70e5c3064b19835c252877e01ff02e') in 0.003373 seconds 
========================================================================
Received Import Request.
  Time since last request: 82.897697 seconds.
  path: Assets/Scenes/Salle A.unity
  artifactKey: Guid(1f4a0d461f921994992545159d1ba0a7) Importer(815301076,1909f56bfc062723c751e8b465ee728b)
Start importing Assets/Scenes/Salle A.unity using Guid(1f4a0d461f921994992545159d1ba0a7) Importer(815301076,1909f56bfc062723c751e8b465ee728b)  -> (artifact id: '5023323a4cb01ea927197f46acda70cf') in 0.003185 seconds 
AssetImportWorkerClient::OnTransportError - code=2 error=End of file
